<?xml version="1.0" encoding="UTF-8"?>
<!-- Generated by org.testng.reporters.JUnitReportReporter -->
<testsuite hostname="DESKTOP-HQ3RC8N" failures="0" tests="1" name="testCases.RegisterPageTest" time="7.464" errors="0" timestamp="2025-08-17T13:41:45 IST" skipped="0">
  <testcase classname="testCases.RegisterPageTest" name="Test_Login_Registration" time="7.464"/>
</testsuite> <!-- testCases.RegisterPageTest -->
