<?xml version="1.0" encoding="UTF-8"?>
<!-- Generated by org.testng.reporters.JUnitReportReporter -->
<testsuite hostname="DESKTOP-HQ3RC8N" failures="0" tests="1" name="testCases.TC001_RegisterPageTest" time="3.243" errors="0" timestamp="2025-08-20T19:03:39 IST" skipped="0">
  <testcase classname="testCases.TC001_RegisterPageTest" name="Test_Login_Registration" time="3.243"/>
</testsuite> <!-- testCases.TC001_RegisterPageTest -->
